<?xml version="1.0" encoding="UTF-8"?>
<testng-results ignored="0" total="1" passed="1" failed="0" skipped="0">
  <reporter-output>
  </reporter-output>
  <suite started-at="2021-09-09T07:29:09Z" name="Suite1" finished-at="2021-09-09T07:29:29Z" duration-ms="20060">
    <groups>
    </groups>
    <test started-at="2021-09-09T07:29:09Z" name="Test" finished-at="2021-09-09T07:29:29Z" duration-ms="20060">
      <class name="testCases.Test1">
        <test-method signature="test1()[pri:0, instance:testCases.Test1@198d6542]" started-at="2021-09-09T07:29:09Z" name="test1" finished-at="2021-09-09T07:29:29Z" duration-ms="20041" status="PASS">
          <reporter-output>
          </reporter-output>
        </test-method> <!-- test1 -->
      </class> <!-- testCases.Test1 -->
    </test> <!-- Test -->
  </suite> <!-- Suite1 -->
</testng-results>
