<?xml version="1.0" encoding="UTF-8"?>
<testng-results ignored="0" total="1" passed="1" failed="0" skipped="0">
  <reporter-output>
  </reporter-output>
  <suite started-at="2021-09-07T08:03:12Z" name="Default suite" finished-at="2021-09-07T08:03:33Z" duration-ms="21717">
    <groups>
    </groups>
    <test started-at="2021-09-07T08:03:12Z" name="Default test" finished-at="2021-09-07T08:03:33Z" duration-ms="21717">
      <class name="testCases.Test1">
        <test-method signature="test1()[pri:0, instance:testCases.Test1@3e6f3f28]" started-at="2021-09-07T08:03:12Z" name="test1" finished-at="2021-09-07T08:03:33Z" duration-ms="21690" status="PASS">
          <reporter-output>
          </reporter-output>
        </test-method> <!-- test1 -->
      </class> <!-- testCases.Test1 -->
    </test> <!-- Default test -->
  </suite> <!-- Default suite -->
</testng-results>
